[    0.000000] Linux version 4.15.0-96-generic (buildd@lgw01-amd64-004) (gcc version 7.5.0 (Ubuntu 7.5.0-3ubuntu1~18.04)) #97-Ubuntu SMP Wed Apr 1 03:25:46 UTC 2020 (Ubuntu 4.15.0-96.97-generic 4.15.18)
[    0.000000] Command line: BOOT_IMAGE=/boot/vmlinuz-4.15.0-96-generic root=LABEL=cloudimg-rootfs ro console=tty1 console=ttyS0
[    0.000000] KERNEL supported cpus:
[    0.000000]   Intel GenuineIntel
[    0.000000]   AMD AuthenticAMD
[    0.000000]   Centaur CentaurHauls
[    0.000000] x86/fpu: Supporting XSAVE feature 0x001: 'x87 floating point registers'
[    0.000000] x86/fpu: Supporting XSAVE feature 0x002: 'SSE registers'
[    0.000000] x86/fpu: Supporting XSAVE feature 0x004: 'AVX registers'
[    0.000000] x86/fpu: xstate_offset[2]:  576, xstate_sizes[2]:  256
[    0.000000] x86/fpu: Enabled xstate features 0x7, context size is 832 bytes, using 'standard' format.
[    0.000000] e820: BIOS-provided physical RAM map:
[    0.000000] BIOS-e820: [mem 0x0000000000000000-0x000000000009fbff] usable
[    0.000000] BIOS-e820: [mem 0x000000000009fc00-0x000000000009ffff] reserved
[    0.000000] BIOS-e820: [mem 0x00000000000f0000-0x00000000000fffff] reserved
[    0.000000] BIOS-e820: [mem 0x0000000000100000-0x000000003ffeffff] usable
[    0.000000] BIOS-e820: [mem 0x000000003fff0000-0x000000003fffffff] ACPI data
[    0.000000] BIOS-e820: [mem 0x00000000fec00000-0x00000000fec00fff] reserved
[    0.000000] BIOS-e820: [mem 0x00000000fee00000-0x00000000fee00fff] reserved
[    0.000000] BIOS-e820: [mem 0x00000000fffc0000-0x00000000ffffffff] reserved
[    0.000000] NX (Execute Disable) protection: active
[    0.000000] SMBIOS 2.5 present.
[    0.000000] DMI: innotek GmbH VirtualBox/VirtualBox, BIOS VirtualBox 12/01/2006
[    0.000000] Hypervisor detected: KVM
[    0.000000] e820: last_pfn = 0x3fff0 max_arch_pfn = 0x400000000
[    0.000000] MTRR: Disabled
[    0.000000] x86/PAT: MTRRs disabled, skipping PAT initialization too.
[    0.000000] CPU MTRRs all blank - virtualized system.
[    0.000000] x86/PAT: Configuration [0-7]: WB  WT  UC- UC  WB  WT  UC- UC  
[    0.000000] found SMP MP-table at [mem 0x0009fff0-0x0009ffff]
[    0.000000] Scanning 1 areas for low memory corruption
[    0.000000] RAMDISK: [mem 0x35a6d000-0x36d2dfff]
[    0.000000] ACPI: Early table checksum verification disabled
[    0.000000] ACPI: RSDP 0x00000000000E0000 000024 (v02 VBOX  )
[    0.000000] ACPI: XSDT 0x000000003FFF0030 00003C (v01 VBOX   VBOXXSDT 00000001 ASL  00000061)
[    0.000000] ACPI: FACP 0x000000003FFF00F0 0000F4 (v04 VBOX   VBOXFACP 00000001 ASL  00000061)
[    0.000000] ACPI: DSDT 0x000000003FFF0470 002325 (v02 VBOX   VBOXBIOS 00000002 INTL 20190509)
[    0.000000] ACPI: FACS 0x000000003FFF0200 000040
[    0.000000] ACPI: FACS 0x000000003FFF0200 000040
[    0.000000] ACPI: APIC 0x000000003FFF0240 00005C (v02 VBOX   VBOXAPIC 00000001 ASL  00000061)
[    0.000000] ACPI: SSDT 0x000000003FFF02A0 0001CC (v01 VBOX   VBOXCPUT 00000002 INTL 20190509)
[    0.000000] No NUMA configuration found
[    0.000000] Faking a node at [mem 0x0000000000000000-0x000000003ffeffff]
[    0.000000] NODE_DATA(0) allocated [mem 0x3ffc5000-0x3ffeffff]
[    0.000000] kvm-clock: cpu 0, msr 0:3ff44001, primary cpu clock
[    0.000000] kvm-clock: Using msrs 4b564d01 and 4b564d00
[    0.000000] kvm-clock: using sched offset of 3140749741 cycles
[    0.000000] clocksource: kvm-clock: mask: 0xffffffffffffffff max_cycles: 0x1cd42e4dffb, max_idle_ns: 881590591483 ns
[    0.000000] Zone ranges:
[    0.000000]   DMA      [mem 0x0000000000001000-0x0000000000ffffff]
[    0.000000]   DMA32    [mem 0x0000000001000000-0x000000003ffeffff]
[    0.000000]   Normal   empty
[    0.000000]   Device   empty
[    0.000000] Movable zone start for each node
[    0.000000] Early memory node ranges
[    0.000000]   node   0: [mem 0x0000000000001000-0x000000000009efff]
[    0.000000]   node   0: [mem 0x0000000000100000-0x000000003ffeffff]
[    0.000000] Reserved but unavailable: 98 pages
[    0.000000] Initmem setup node 0 [mem 0x0000000000001000-0x000000003ffeffff]
[    0.000000] ACPI: PM-Timer IO Port: 0x4008
[    0.000000] IOAPIC[0]: apic_id 2, version 32, address 0xfec00000, GSI 0-23
[    0.000000] ACPI: INT_SRC_OVR (bus 0 bus_irq 0 global_irq 2 dfl dfl)
[    0.000000] ACPI: INT_SRC_OVR (bus 0 bus_irq 9 global_irq 9 low level)
[    0.000000] Using ACPI (MADT) for SMP configuration information
[    0.000000] smpboot: Allowing 2 CPUs, 0 hotplug CPUs
[    0.000000] PM: Registered nosave memory: [mem 0x00000000-0x00000fff]
[    0.000000] PM: Registered nosave memory: [mem 0x0009f000-0x0009ffff]
[    0.000000] PM: Registered nosave memory: [mem 0x000a0000-0x000effff]
[    0.000000] PM: Registered nosave memory: [mem 0x000f0000-0x000fffff]
[    0.000000] e820: [mem 0x40000000-0xfebfffff] available for PCI devices
[    0.000000] Booting paravirtualized kernel on KVM
[    0.000000] clocksource: refined-jiffies: mask: 0xffffffff max_cycles: 0xffffffff, max_idle_ns: 7645519600211568 ns
[    0.000000] random: get_random_bytes called from start_kernel+0x99/0x4fd with crng_init=0
[    0.000000] setup_percpu: NR_CPUS:8192 nr_cpumask_bits:2 nr_cpu_ids:2 nr_node_ids:1
[    0.000000] percpu: Embedded 45 pages/cpu s147456 r8192 d28672 u1048576
[    0.000000] PV qspinlock hash table entries: 256 (order: 0, 4096 bytes)
[    0.000000] Built 1 zonelists, mobility grouping on.  Total pages: 257913
[    0.000000] Policy zone: DMA32
[    0.000000] Kernel command line: BOOT_IMAGE=/boot/vmlinuz-4.15.0-96-generic root=LABEL=cloudimg-rootfs ro console=tty1 console=ttyS0
[    0.000000] Memory: 983064K/1048120K available (12300K kernel code, 2481K rwdata, 4264K rodata, 2432K init, 2712K bss, 65056K reserved, 0K cma-reserved)
[    0.000000] SLUB: HWalign=64, Order=0-3, MinObjects=0, CPUs=2, Nodes=1
[    0.000000] Kernel/User page tables isolation: enabled
[    0.000000] ftrace: allocating 39351 entries in 154 pages
[    0.004000] Hierarchical RCU implementation.
[    0.004000] 	RCU restricting CPUs from NR_CPUS=8192 to nr_cpu_ids=2.
[    0.004000] 	Tasks RCU enabled.
[    0.004000] RCU: Adjusting geometry for rcu_fanout_leaf=16, nr_cpu_ids=2
[    0.004000] NR_IRQS: 524544, nr_irqs: 440, preallocated irqs: 16
[    0.004000] Console: colour VGA+ 80x25
[    0.004000] console [tty1] enabled
[    0.004000] console [ttyS0] enabled
[    0.004000] ACPI: Core revision 20170831
[    0.004000] ACPI: 2 ACPI AML tables successfully acquired and loaded
[    0.004000] APIC: Switch to symmetric I/O mode setup
[    0.004000] x2apic enabled
[    0.004000] Switched APIC routing to physical x2apic.
[    0.004000] ..TIMER: vector=0x30 apic1=0 pin1=2 apic2=-1 pin2=-1
[    0.004000] tsc: Detected 2711.998 MHz processor
[    0.004000] Calibrating delay loop (skipped) preset value.. 5423.99 BogoMIPS (lpj=10847992)
[    0.004003] pid_max: default: 32768 minimum: 301
[    0.004615] Security Framework initialized
[    0.005129] Yama: becoming mindful.
[    0.005602] AppArmor: AppArmor initialized
[    0.006668] Dentry cache hash table entries: 131072 (order: 8, 1048576 bytes)
[    0.008045] Inode-cache hash table entries: 65536 (order: 7, 524288 bytes)
[    0.008826] Mount-cache hash table entries: 2048 (order: 2, 16384 bytes)
[    0.009584] Mountpoint-cache hash table entries: 2048 (order: 2, 16384 bytes)
[    0.010635] Last level iTLB entries: 4KB 64, 2MB 8, 4MB 8
[    0.011292] Last level dTLB entries: 4KB 64, 2MB 0, 4MB 0, 1GB 4
[    0.012002] Spectre V1 : Mitigation: usercopy/swapgs barriers and __user pointer sanitization
[    0.012969] Spectre V2 : Mitigation: Full generic retpoline
[    0.013649] Spectre V2 : Spectre v2 / SpectreRSB mitigation: Filling RSB on context switch
[    0.014621] Speculative Store Bypass: Vulnerable
[    0.015214] MDS: Mitigation: Clear CPU buffers
[    0.016142] Freeing SMP alternatives memory: 36K
[    0.126807] smpboot: CPU0: Intel(R) Xeon(R) E-2176M  CPU @ 2.70GHz (family: 0x6, model: 0x9e, stepping: 0xa)
[    0.127827] Performance Events: unsupported p6 CPU model 158 no PMU driver, software events only.
[    0.128000] Hierarchical SRCU implementation.
[    0.128000] NMI watchdog: Perf event create on CPU 0 failed with -2
[    0.128000] NMI watchdog: Perf NMI watchdog permanently disabled
[    0.128041] smp: Bringing up secondary CPUs ...
[    0.128654] x86: Booting SMP configuration:
[    0.129162] .... node  #0, CPUs:      #1
[    0.004000] kvm-clock: cpu 1, msr 0:3ff44041, secondary cpu clock
[    0.132023] smp: Brought up 1 node, 2 CPUs
[    0.132518] smpboot: Max logical packages: 1
[    0.133040] smpboot: Total of 2 processors activated (10847.99 BogoMIPS)
[    0.133911] devtmpfs: initialized
[    0.133911] x86/mm: Memory block size: 128MB
[    0.136130] evm: security.selinux
[    0.136566] evm: security.SMACK64
[    0.137071] evm: security.SMACK64EXEC
[    0.137557] evm: security.SMACK64TRANSMUTE
[    0.138069] evm: security.SMACK64MMAP
[    0.138538] evm: security.apparmor
[    0.138995] evm: security.ima
[    0.139404] evm: security.capability
[    0.140071] clocksource: jiffies: mask: 0xffffffff max_cycles: 0xffffffff, max_idle_ns: 7645041785100000 ns
[    0.141264] futex hash table entries: 512 (order: 3, 32768 bytes)
[    0.142502] pinctrl core: initialized pinctrl subsystem
[    0.143224] RTC time: 17:18:59, date: 05/04/20
[    0.144175] NET: Registered protocol family 16
[    0.144829] audit: initializing netlink subsys (disabled)
[    0.145497] audit: type=2000 audit(1588612744.115:1): state=initialized audit_enabled=0 res=1
[    0.145497] cpuidle: using governor ladder
[    0.145497] cpuidle: using governor menu
[    0.145497] ACPI: bus type PCI registered
[    0.148006] acpiphp: ACPI Hot Plug PCI Controller Driver version: 0.5
[    0.148767] PCI: Using configuration type 1 for base access
[    0.149427] HugeTLB registered 2.00 MiB page size, pre-allocated 0 pages
[    0.149427] ACPI: Added _OSI(Module Device)
[    0.152006] ACPI: Added _OSI(Processor Device)
[    0.152562] ACPI: Added _OSI(3.0 _SCP Extensions)
[    0.154068] ACPI: Added _OSI(Processor Aggregator Device)
[    0.155703] ACPI: Added _OSI(Linux-Dell-Video)
[    0.156002] ACPI: Added _OSI(Linux-Lenovo-NV-HDMI-Audio)
[    0.156610] ACPI: Added _OSI(Linux-HPI-Hybrid-Graphics)
[    0.157432] ACPI: Executed 1 blocks of module-level executable AML code
[    0.161872] ACPI: Interpreter enabled
[    0.162369] ACPI: (supports S0 S5)
[    0.162830] ACPI: Using IOAPIC for interrupt routing
[    0.163618] PCI: Using host bridge windows from ACPI; if necessary, use "pci=nocrs" and report a bug
[    0.164122] ACPI: Enabled 2 GPEs in block 00 to 07
[    0.169843] ACPI: PCI Root Bridge [PCI0] (domain 0000 [bus 00-ff])
[    0.170591] acpi PNP0A03:00: _OSC: OS supports [ASPM ClockPM Segments MSI]
[    0.171763] acpi PNP0A03:00: _OSC: not requesting OS control; OS requires [ExtendedConfig ASPM ClockPM MSI]
[    0.172009] acpi PNP0A03:00: fail to add MMCONFIG information, can't access extended PCI configuration space under this bridge.
[    0.173555] PCI host bridge to bus 0000:00
[    0.174037] pci_bus 0000:00: root bus resource [io  0x0000-0x0cf7 window]
[    0.174825] pci_bus 0000:00: root bus resource [io  0x0d00-0xffff window]
[    0.176002] pci_bus 0000:00: root bus resource [mem 0x000a0000-0x000bffff window]
[    0.176888] pci_bus 0000:00: root bus resource [mem 0x40000000-0xfdffffff window]
[    0.177785] pci_bus 0000:00: root bus resource [bus 00-ff]
[    0.180131] pci 0000:00:01.1: legacy IDE quirk: reg 0x10: [io  0x01f0-0x01f7]
[    0.180932] pci 0000:00:01.1: legacy IDE quirk: reg 0x14: [io  0x03f6]
[    0.181663] pci 0000:00:01.1: legacy IDE quirk: reg 0x18: [io  0x0170-0x0177]
[    0.182460] pci 0000:00:01.1: legacy IDE quirk: reg 0x1c: [io  0x0376]
[    0.192794] pci 0000:00:07.0: quirk: [io  0x4000-0x403f] claimed by PIIX4 ACPI
[    0.193583] pci 0000:00:07.0: quirk: [io  0x4100-0x410f] claimed by PIIX4 SMB
[    0.202116] ACPI: PCI Interrupt Link [LNKA] (IRQs 5 9 10 *11)
[    0.202953] ACPI: PCI Interrupt Link [LNKB] (IRQs 5 9 *10 11)
[    0.203642] ACPI: PCI Interrupt Link [LNKC] (IRQs 5 *9 10 11)
[    0.204082] ACPI: PCI Interrupt Link [LNKD] (IRQs 5 9 10 *11)
[    0.205036] SCSI subsystem initialized
[    0.205536] pci 0000:00:02.0: vgaarb: setting as boot VGA device
[    0.205536] pci 0000:00:02.0: vgaarb: VGA device added: decodes=io+mem,owns=io+mem,locks=none
[    0.205675] pci 0000:00:02.0: vgaarb: bridge control possible
[    0.208006] vgaarb: loaded
[    0.208378] ACPI: bus type USB registered
[    0.208905] usbcore: registered new interface driver usbfs
[    0.209570] usbcore: registered new interface driver hub
[    0.210200] usbcore: registered new device driver usb
[    0.210833] EDAC MC: Ver: 3.0.0
[    0.212125] PCI: Using ACPI for IRQ routing
[    0.212842] NetLabel: Initializing
[    0.213287] NetLabel:  domain hash size = 128
[    0.213819] NetLabel:  protocols = UNLABELED CIPSOv4 CALIPSO
[    0.214482] NetLabel:  unlabeled traffic allowed by default
[    0.215176] clocksource: Switched to clocksource kvm-clock
[    0.222833] VFS: Disk quotas dquot_6.6.0
[    0.223368] VFS: Dquot-cache hash table entries: 512 (order 0, 4096 bytes)
[    0.224248] AppArmor: AppArmor Filesystem Enabled
[    0.224852] pnp: PnP ACPI init
[    0.226024] pnp: PnP ACPI: found 3 devices
[    0.234152] clocksource: acpi_pm: mask: 0xffffff max_cycles: 0xffffff, max_idle_ns: 2085701024 ns
[    0.235111] NET: Registered protocol family 2
[    0.235754] TCP established hash table entries: 8192 (order: 4, 65536 bytes)
[    0.236521] TCP bind hash table entries: 8192 (order: 5, 131072 bytes)
[    0.237653] TCP: Hash tables configured (established 8192 bind 8192)
[    0.238356] UDP hash table entries: 512 (order: 2, 16384 bytes)
[    0.239004] UDP-Lite hash table entries: 512 (order: 2, 16384 bytes)
[    0.239748] NET: Registered protocol family 1
[    0.240299] pci 0000:00:00.0: Limiting direct PCI/PCI transfers
[    0.240973] pci 0000:00:01.0: Activating ISA DMA hang workarounds
[    0.241677] pci 0000:00:02.0: Video device with shadowed ROM at [mem 0x000c0000-0x000dffff]
[    0.242667] Unpacking initramfs...
[    0.485931] Freeing initrd memory: 19204K
[    0.486576] clocksource: tsc: mask: 0xffffffffffffffff max_cycles: 0x27178451938, max_idle_ns: 440795251172 ns
[    0.487734] platform rtc_cmos: registered platform RTC device (no PNP device found)
[    0.488779] Scanning for low memory corruption every 60 seconds
[    0.490031] Initialise system trusted keyrings
[    0.490592] Key type blacklist registered
[    0.491185] workingset: timestamp_bits=36 max_order=18 bucket_order=0
[    0.492838] zbud: loaded
[    0.493771] squashfs: version 4.0 (2009/01/31) Phillip Lougher
[    0.494663] fuse init (API version 7.26)
[    0.496873] Key type asymmetric registered
[    0.497370] Asymmetric key parser 'x509' registered
[    0.497955] Block layer SCSI generic (bsg) driver version 0.4 loaded (major 246)
[    0.498883] io scheduler noop registered
[    0.499384] io scheduler deadline registered
[    0.499923] io scheduler cfq registered (default)
[    0.500809] ACPI: AC Adapter [AC] (on-line)
[    0.501380] input: Power Button as /devices/LNXSYSTM:00/LNXPWRBN:00/input/input0
[    0.502297] ACPI: Power Button [PWRF]
[    0.502805] input: Sleep Button as /devices/LNXSYSTM:00/LNXSLPBN:00/input/input1
[    0.503666] ACPI: Sleep Button [SLPF]
[    0.504955] ACPI: Battery Slot [BAT0] (battery present)
[    0.505701] Serial: 8250/16550 driver, 32 ports, IRQ sharing enabled
[    0.526856] 00:02: ttyS0 at I/O 0x3f8 (irq = 4, base_baud = 115200) is a 16550A
[    0.529188] Linux agpgart interface v0.103
[    0.530704] loop: module loaded
[    0.531403] scsi host0: ata_piix
[    0.531940] scsi host1: ata_piix
[    0.532367] ata1: PATA max UDMA/33 cmd 0x1f0 ctl 0x3f6 bmdma 0xd000 irq 14
[    0.533086] ata2: PATA max UDMA/33 cmd 0x170 ctl 0x376 bmdma 0xd008 irq 15
[    0.533843] libphy: Fixed MDIO Bus: probed
[    0.534320] tun: Universal TUN/TAP device driver, 1.6
[    0.535127] PPP generic driver version 2.4.2
[    0.535751] ehci_hcd: USB 2.0 'Enhanced' Host Controller (EHCI) Driver
[    0.536465] ehci-pci: EHCI PCI platform driver
[    0.536992] ehci-platform: EHCI generic platform driver
[    0.537582] ohci_hcd: USB 1.1 'Open' Host Controller (OHCI) Driver
[    0.538257] ohci-pci: OHCI PCI platform driver
[    0.538787] ohci-platform: OHCI generic platform driver
[    0.539366] uhci_hcd: USB Universal Host Controller Interface driver
[    0.540090] i8042: PNP: PS/2 Controller [PNP0303:PS2K,PNP0f03:PS2M] at 0x60,0x64 irq 1,12
[    0.541350] serio: i8042 KBD port at 0x60,0x64 irq 1
[    0.541939] serio: i8042 AUX port at 0x60,0x64 irq 12
[    0.542774] mousedev: PS/2 mouse device common for all mice
[    0.543872] input: AT Translated Set 2 keyboard as /devices/platform/i8042/serio0/input/input2
[    0.544887] rtc_cmos rtc_cmos: rtc core: registered rtc_cmos as rtc0
[    0.545623] rtc_cmos rtc_cmos: alarms up to one day, 114 bytes nvram
[    0.546346] i2c /dev entries driver
[    0.546820] device-mapper: uevent: version 1.0.3
[    0.547366] device-mapper: ioctl: 4.37.0-ioctl (2017-09-20) initialised: dm-devel@redhat.com
[    0.548240] ledtrig-cpu: registered to indicate activity on CPUs
[    0.552691] NET: Registered protocol family 10
[    0.555682] Segment Routing with IPv6
[    0.556101] NET: Registered protocol family 17
[    0.556620] Key type dns_resolver registered
[    0.557254] mce: Using 0 MCE banks
[    0.557656] RAS: Correctable Errors collector initialized.
[    0.558215] sched_clock: Marking stable (557207766, 0)->(658063527, -100855761)
[    0.559188] registered taskstats version 1
[    0.559639] Loading compiled-in X.509 certificates
[    0.562055] Loaded X.509 cert 'Build time autogenerated kernel key: 244b473b43e18b01f00e37a87f2ecd28620f0244'
[    0.563007] zswap: loaded using pool lzo/zbud
[    0.565743] Key type big_key registered
[    0.566170] Key type trusted registered
[    0.567605] Key type encrypted registered
[    0.568042] AppArmor: AppArmor sha1 policy hashing enabled
[    0.568602] ima: No TPM chip found, activating TPM-bypass! (rc=-19)
[    0.569230] ima: Allocated hash algorithm: sha1
[    0.569722] evm: HMAC attrs: 0x1
[    0.570269]   Magic number: 4:368:339
[    0.570787] rtc_cmos rtc_cmos: setting system clock to 2020-05-04 17:18:59 UTC (1588612739)
[    0.571722] BIOS EDD facility v0.16 2004-Jun-25, 0 devices found
[    0.572397] EDD information not available.
[    0.718021] Freeing unused kernel image memory: 2432K
[    0.732311] Write protecting the kernel read-only data: 20480k
[    0.733522] Freeing unused kernel image memory: 2008K
[    0.734308] Freeing unused kernel image memory: 1880K
[    0.739417] x86/mm: Checked W+X mappings: passed, no W+X pages found.
[    0.740059] x86/mm: Checking user space page tables
[    0.744929] x86/mm: Checked W+X mappings: passed, no W+X pages found.
Loading, please wait...
starting version 237
[    0.789913] e1000: Intel(R) PRO/1000 Network Driver - version 7.3.21-k8-NAPI
[    0.790686] e1000: Copyright (c) 1999-2006 Intel Corporation.
[    0.804905] Fusion MPT base driver 3.04.20
[    0.805477] Copyright (c) 1999-2008 LSI Corporation
[    0.806208] AVX2 version of gcm_enc/dec engaged.
[    0.806821] AES CTR mode by8 optimization enabled
[    0.810823] Fusion MPT SPI Host driver 3.04.20
[    1.028498] input: ImExPS/2 Generic Explorer Mouse as /devices/platform/i8042/serio1/input/input4
[    1.130958] e1000 0000:00:03.0 eth0: (PCI:33MHz:32-bit) 02:11:54:e5:40:72
[    1.131747] e1000 0000:00:03.0 eth0: Intel(R) PRO/1000 Network Connection
[    1.133239] mptbase: ioc0: Initiating bringup
[    2.749744] ioc0: LSI53C1030 A0: Capabilities={Initiator}
[    6.140942] scsi host2: ioc0: LSI53C1030 A0, FwRev=00000000h, Ports=1, MaxQ=256, IRQ=20
[    8.479749] scsi 2:0:0:0: Direct-Access     VBOX     HARDDISK         1.0  PQ: 0 ANSI: 5
[    8.515184] scsi target2:0:0: Beginning Domain Validation
[    8.517381] scsi target2:0:0: Domain Validation skipping write tests
[    8.518280] scsi target2:0:0: Ending Domain Validation
[    8.519064] scsi target2:0:0: asynchronous
[    8.519956] scsi 2:0:1:0: Direct-Access     VBOX     HARDDISK         1.0  PQ: 0 ANSI: 5
[    8.561495] scsi target2:0:1: Beginning Domain Validation
[    8.592500] random: fast init done
[    8.592539] scsi target2:0:1: Domain Validation skipping write tests
[    8.593579] scsi target2:0:1: Ending Domain Validation
[    8.594201] scsi target2:0:1: asynchronous
[    8.595096] scsi 2:0:2:0: Direct-Access     VBOX     HARDDISK         1.0  PQ: 0 ANSI: 5
[    8.776030] scsi target2:0:2: Beginning Domain Validation
[    8.777560] scsi target2:0:2: Domain Validation skipping write tests
[    8.778264] scsi target2:0:2: Ending Domain Validation
[    8.778871] scsi target2:0:2: asynchronous
[    8.779576] scsi 2:0:3:0: Direct-Access     VBOX     HARDDISK         1.0  PQ: 0 ANSI: 5
[    8.816230] scsi target2:0:3: Beginning Domain Validation
[    8.822316] scsi target2:0:3: Domain Validation skipping write tests
[    8.824899] scsi target2:0:3: Ending Domain Validation
[    8.827232] scsi target2:0:3: asynchronous
[    8.830672] scsi 2:0:4:0: Direct-Access     VBOX     HARDDISK         1.0  PQ: 0 ANSI: 5
[    8.839149] random: systemd-udevd: uninitialized urandom read (16 bytes read)
[    8.839236] e1000 0000:00:08.0 eth1: (PCI:33MHz:32-bit) 08:00:27:ad:02:b8
[    8.841579] random: systemd-udevd: uninitialized urandom read (16 bytes read)
[    8.843291] e1000 0000:00:08.0 eth1: Intel(R) PRO/1000 Network Connection
[    8.846259] random: systemd-udevd: uninitialized urandom read (16 bytes read)
[    8.868352] scsi target2:0:4: Beginning Domain Validation
[    8.876803] scsi target2:0:4: Domain Validation skipping write tests
[    8.879038] scsi target2:0:4: Ending Domain Validation
[    8.881188] scsi target2:0:4: asynchronous
[    8.884798] scsi 2:0:5:0: Direct-Access     VBOX     HARDDISK         1.0  PQ: 0 ANSI: 5
[    9.160127] scsi target2:0:5: Beginning Domain Validation
[    9.163226] scsi target2:0:5: Domain Validation skipping write tests
[    9.163849] scsi target2:0:5: Ending Domain Validation
[    9.164448] scsi target2:0:5: asynchronous
[    9.165182] scsi 2:0:6:0: Direct-Access     VBOX     HARDDISK         1.0  PQ: 0 ANSI: 5
[    9.192234] scsi target2:0:6: Beginning Domain Validation
[    9.198945] scsi target2:0:6: Domain Validation skipping write tests
[    9.202006] scsi target2:0:6: Ending Domain Validation
[    9.204462] e1000 0000:00:09.0 eth2: (PCI:33MHz:32-bit) 08:00:27:f2:73:f5
[    9.206599] e1000 0000:00:09.0 eth2: Intel(R) PRO/1000 Network Connection
[    9.206601] scsi target2:0:6: asynchronous
[    9.211643] e1000 0000:00:08.0 enp0s8: renamed from eth1
[    9.213504] scsi 2:0:8:0: Direct-Access     VBOX     HARDDISK         1.0  PQ: 0 ANSI: 5
[    9.276383] e1000 0000:00:03.0 enp0s3: renamed from eth0
[    9.304062] scsi target2:0:8: Beginning Domain Validation
[    9.304813] e1000 0000:00:09.0 enp0s9: renamed from eth2
[    9.305503] scsi target2:0:8: Domain Validation skipping write tests
[    9.306222] scsi target2:0:8: Ending Domain Validation
[    9.306806] scsi target2:0:8: asynchronous
[    9.307409] scsi 2:0:9:0: Direct-Access     VBOX     HARDDISK         1.0  PQ: 0 ANSI: 5
[    9.522328] scsi target2:0:9: Beginning Domain Validation
[    9.530067] scsi target2:0:9: Domain Validation skipping write tests
[    9.533101] scsi target2:0:9: Ending Domain Validation
[    9.535663] scsi target2:0:9: asynchronous
[    9.539060] scsi 2:0:10:0: Direct-Access     VBOX     HARDDISK         1.0  PQ: 0 ANSI: 5
[   10.368301] scsi target2:0:10: Beginning Domain Validation
[   10.376047] scsi target2:0:10: Domain Validation skipping write tests
[   10.377700] scsi target2:0:10: Ending Domain Validation
[   10.378236] scsi target2:0:10: asynchronous
[   10.379115] scsi 2:0:11:0: Direct-Access     VBOX     HARDDISK         1.0  PQ: 0 ANSI: 5
[   10.837196] scsi target2:0:11: Beginning Domain Validation
[   10.842679] scsi target2:0:11: Domain Validation skipping write tests
[   10.843332] scsi target2:0:11: Ending Domain Validation
[   10.843876] scsi target2:0:11: asynchronous
[   10.844589] scsi 2:0:12:0: Direct-Access     VBOX     HARDDISK         1.0  PQ: 0 ANSI: 5
[   11.752464] scsi target2:0:12: Beginning Domain Validation
[   11.755930] scsi target2:0:12: Domain Validation skipping write tests
[   11.756618] scsi target2:0:12: Ending Domain Validation
[   11.757210] scsi target2:0:12: asynchronous
[   11.758079] scsi 2:0:13:0: Direct-Access     VBOX     HARDDISK         1.0  PQ: 0 ANSI: 5
[   14.052372] scsi target2:0:13: Beginning Domain Validation
[   14.059839] scsi target2:0:13: Domain Validation skipping write tests
[   14.063212] scsi target2:0:13: Ending Domain Validation
[   14.066015] scsi target2:0:13: asynchronous
[   14.069443] scsi 2:0:14:0: Direct-Access     VBOX     HARDDISK         1.0  PQ: 0 ANSI: 5
[   15.752498] scsi target2:0:14: Beginning Domain Validation
[   15.757924] scsi target2:0:14: Domain Validation skipping write tests
[   15.758563] scsi target2:0:14: Ending Domain Validation
[   15.759111] scsi target2:0:14: asynchronous
[   15.759767] scsi 2:0:15:0: Direct-Access     VBOX     HARDDISK         1.0  PQ: 0 ANSI: 5
[   16.738500] scsi target2:0:15: Beginning Domain Validation
[   16.743729] scsi target2:0:15: Domain Validation skipping write tests
[   16.744361] scsi target2:0:15: Ending Domain Validation
[   16.744909] scsi target2:0:15: asynchronous
[   16.746051] sd 2:0:0:0: Attached scsi generic sg0 type 0
[   16.746850] sd 2:0:0:0: [sda] 20971520 512-byte logical blocks: (10.7 GB/10.0 GiB)
[   16.747742] sd 2:0:1:0: Attached scsi generic sg1 type 0
[   16.747745] sd 2:0:0:0: [sda] Write Protect is off
[   16.749067] sd 2:0:1:0: [sdb] 20480 512-byte logical blocks: (10.5 MB/10.0 MiB)
[   16.749854] sd 2:0:0:0: [sda] Incomplete mode parameter data
[   16.749944] sd 2:0:2:0: Attached scsi generic sg2 type 0
[   16.750452] sd 2:0:0:0: [sda] Assuming drive cache: write through
[   16.751644] sd 2:0:1:0: [sdb] Write Protect is off
[   16.752303] sd 2:0:3:0: Attached scsi generic sg3 type 0
[   16.753007] sd 2:0:1:0: [sdb] Incomplete mode parameter data
[   16.753585] sd 2:0:1:0: [sdb] Assuming drive cache: write through
[   16.754594] sd 2:0:4:0: Attached scsi generic sg4 type 0
[   16.754664] sd 2:0:2:0: [sdc] 10485760 512-byte logical blocks: (5.37 GB/5.00 GiB)
[   16.755261] sd 2:0:4:0: [sde] 10485760 512-byte logical blocks: (5.37 GB/5.00 GiB)
[   16.756858] sd 2:0:4:0: [sde] Write Protect is off
[   16.756900] sd 2:0:5:0: Attached scsi generic sg5 type 0
[   16.757997] sd 2:0:4:0: [sde] Incomplete mode parameter data
[   16.758386] sd 2:0:6:0: Attached scsi generic sg6 type 0
[   16.758627] sd 2:0:4:0: [sde] Assuming drive cache: write through
[   16.759480] sd 2:0:2:0: [sdc] Write Protect is off
[   16.760466] sd 2:0:8:0: Attached scsi generic sg7 type 0
[   16.761404] sd 2:0:2:0: [sdc] Incomplete mode parameter data
[   16.761982] sd 2:0:2:0: [sdc] Assuming drive cache: write through
[   16.762592] sd 2:0:9:0: Attached scsi generic sg8 type 0
[   16.763750] sd 2:0:10:0: Attached scsi generic sg9 type 0
[   16.765115] sd 2:0:11:0: Attached scsi generic sg10 type 0
[   16.766118] sd 2:0:12:0: Attached scsi generic sg11 type 0
[   16.767072] sd 2:0:13:0: Attached scsi generic sg12 type 0
[   16.767949] sd 2:0:3:0: [sdd] 10485760 512-byte logical blocks: (5.37 GB/5.00 GiB)
[   16.768257] sd 2:0:5:0: [sdf] 10485760 512-byte logical blocks: (5.37 GB/5.00 GiB)
[   16.769007] sd 2:0:14:0: Attached scsi generic sg13 type 0
[   16.769744] sd 2:0:5:0: [sdf] Write Protect is off
[   16.770590] sd 2:0:15:0: Attached scsi generic sg14 type 0
[   16.771354] sd 2:0:3:0: [sdd] Write Protect is off
[   16.771395] sd 2:0:6:0: [sdg] 10485760 512-byte logical blocks: (5.37 GB/5.00 GiB)
[   16.771932] sd 2:0:5:0: [sdf] Incomplete mode parameter data
[   16.772683] sd 2:0:6:0: [sdg] Write Protect is off
[   16.773241] sd 2:0:5:0: [sdf] Assuming drive cache: write through
[   16.774354] sd 2:0:3:0: [sdd] Incomplete mode parameter data
[   16.774952] sd 2:0:3:0: [sdd] Assuming drive cache: write through
[   16.774996] sd 2:0:8:0: [sdh] 10485760 512-byte logical blocks: (5.37 GB/5.00 GiB)
[   16.775580] sd 2:0:6:0: [sdg] Incomplete mode parameter data
[   16.776966] sd 2:0:6:0: [sdg] Assuming drive cache: write through
[   16.777026] sd 2:0:8:0: [sdh] Write Protect is off
[   16.777747] sd 2:0:9:0: [sdi] 10485760 512-byte logical blocks: (5.37 GB/5.00 GiB)
[   16.778265] sd 2:0:10:0: [sdj] 10485760 512-byte logical blocks: (5.37 GB/5.00 GiB)
[   16.779174] sd 2:0:9:0: [sdi] Write Protect is off
[   16.780240] sd 2:0:8:0: [sdh] Incomplete mode parameter data
[   16.780265] sd 2:0:9:0: [sdi] Incomplete mode parameter data
[   16.780812] sd 2:0:8:0: [sdh] Assuming drive cache: write through
[   16.780886] sd 2:0:10:0: [sdj] Write Protect is off
[   16.781463] sd 2:0:9:0: [sdi] Assuming drive cache: write through
[   16.782633] sd 2:0:12:0: [sdl] 10485760 512-byte logical blocks: (5.37 GB/5.00 GiB)
[   16.783972] sd 2:0:11:0: [sdk] 10485760 512-byte logical blocks: (5.37 GB/5.00 GiB)
[   16.784985] sd 2:0:11:0: [sdk] Write Protect is off
[   16.785034] sd 2:0:12:0: [sdl] Write Protect is off
[   16.786014] sd 2:0:10:0: [sdj] Incomplete mode parameter data
[   16.786094] sd 2:0:11:0: [sdk] Incomplete mode parameter data
[   16.786597] sd 2:0:10:0: [sdj] Assuming drive cache: write through
[   16.787840] sd 2:0:11:0: [sdk] Assuming drive cache: write through
[   16.788070] sd 2:0:12:0: [sdl] Incomplete mode parameter data
[   16.788613] sd 2:0:13:0: [sdm] 10485760 512-byte logical blocks: (5.37 GB/5.00 GiB)
[   16.789110] sd 2:0:12:0: [sdl] Assuming drive cache: write through
[   16.790628] sd 2:0:13:0: [sdm] Write Protect is off
[   16.791421] sd 2:0:14:0: [sdn] 10485760 512-byte logical blocks: (5.37 GB/5.00 GiB)
[   16.791483] sd 2:0:13:0: [sdm] Incomplete mode parameter data
[   16.792922] sd 2:0:13:0: [sdm] Assuming drive cache: write through
[   16.792954] sd 2:0:15:0: [sdo] 10485760 512-byte logical blocks: (5.37 GB/5.00 GiB)
[   16.793879] sd 2:0:14:0: [sdn] Write Protect is off
[   16.794911] sd 2:0:15:0: [sdo] Write Protect is off
[   16.794974] sd 2:0:14:0: [sdn] Incomplete mode parameter data
[   16.795945] sd 2:0:14:0: [sdn] Assuming drive cache: write through
[   16.796744] sd 2:0:15:0: [sdo] Incomplete mode parameter data
[   16.797437] sd 2:0:15:0: [sdo] Assuming drive cache: write through
[   16.821149]  sda: sda1
[   16.823198] sd 2:0:0:0: [sda] Attached SCSI disk
[   16.824754] random: crng init done
[   16.824754] random: 7 urandom warning(s) missed due to ratelimiting
[   16.826525] sd 2:0:1:0: [sdb] Attached SCSI disk
[   16.827155] sd 2:0:15:0: [sdo] Attached SCSI disk
[   16.827179]  sdk: sdk1 sdk9
[   16.828125]  sdg: sdg1 sdg9
[   16.828922]  sdd: sdd1 sdd9
[   16.828982]  sdf: sdf1 sdf9
[   16.829720]  sdi: sdi1 sdi9
[   16.830130]  sdc: sdc1 sdc9
[   16.830562] sd 2:0:3:0: [sdd] Attached SCSI disk
[   16.830565]  sdl: sdl1 sdl9
[   16.831571]  sdj: sdj1 sdj9
[   16.831947]  sde: sde1 sde9
[   16.832664] sd 2:0:6:0: [sdg] Attached SCSI disk
[   16.832949]  sdh: sdh1 sdh9
[   16.833239] sd 2:0:11:0: [sdk] Attached SCSI disk
[   16.833778] sd 2:0:2:0: [sdc] Attached SCSI disk
[   16.834998]  sdn: sdn1 sdn9
[   16.835018] sd 2:0:9:0: [sdi] Attached SCSI disk
[   16.835871]  sdm: sdm1 sdm9
[   16.835939] sd 2:0:10:0: [sdj] Attached SCSI disk
[   16.836814] sd 2:0:4:0: [sde] Attached SCSI disk
[   16.837664] sd 2:0:14:0: [sdn] Attached SCSI disk
[   16.838195] sd 2:0:13:0: [sdm] Attached SCSI disk
[   16.838701] sd 2:0:5:0: [sdf] Attached SCSI disk
[   16.839659] sd 2:0:12:0: [sdl] Attached SCSI disk
[   16.840690] sd 2:0:8:0: [sdh] Attached SCSI disk
Begin: Loading essential drivers ... [   18.416247] raid6: sse2x1   gen() 13772 MB/s
[   18.468062] raid6: sse2x1   xor() 11115 MB/s
[   18.516050] raid6: sse2x2   gen() 17402 MB/s
[   18.568167] raid6: sse2x2   xor() 13464 MB/s
[   18.620313] raid6: sse2x4   gen() 22408 MB/s
[   18.668379] raid6: sse2x4   xor() 12999 MB/s
[   18.728151] raid6: avx2x1   gen() 34142 MB/s
[   18.783762] raid6: avx2x1   xor() 22185 MB/s
[   18.835762] raid6: avx2x2   gen() 34177 MB/s
[   18.895686] raid6: avx2x2   xor() 24897 MB/s
[   18.948365] raid6: avx2x4   gen() 42267 MB/s
[   18.996304] raid6: avx2x4   xor() 23063 MB/s
[   18.996848] raid6: using algorithm avx2x4 gen() 42267 MB/s
[   18.997428] raid6: .... xor() 23063 MB/s, rmw enabled
[   18.997986] raid6: using avx2x2 recovery algorithm
[   18.999541] xor: automatically using best checksumming function   avx       
[   19.001251] async_tx: api initialized (async)
done.
Begin: Running /scripts/init-premount ... done.
Begin: Mounting root file system ... Begin: Running /scripts/local-top ... done.
Begin: Running /scripts/local-premount ... [   19.032849] Btrfs loaded, crc32c=crc32c-intel
Scanning for Btrfs filesystems
done.
Warning: fsck not present, so skipping root file system
[   19.359711] EXT4-fs (sda1): INFO: recovery required on readonly filesystem
[   19.362713] EXT4-fs (sda1): write access will be enabled during recovery
[   19.403626] EXT4-fs (sda1): orphan cleanup on readonly fs
[   19.404579] EXT4-fs (sda1): 1 orphan inode deleted
[   19.405151] EXT4-fs (sda1): recovery complete
[   19.406219] EXT4-fs (sda1): mounted filesystem with ordered data mode. Opts: (null)
done.
Begin: Running /scripts/local-bottom ... done.
Begin: Running /scripts/init-bottom ... done.
[   19.543631] ip_tables: (C) 2000-2006 Netfilter Core Team
[   19.549333] systemd[1]: systemd 237 running in system mode. (+PAM +AUDIT +SELINUX +IMA +APPARMOR +SMACK +SYSVINIT +UTMP +LIBCRYPTSETUP +GCRYPT +GNUTLS +ACL +XZ +LZ4 +SECCOMP +BLKID +ELFUTILS +KMOD -IDN2 +IDN -PCRE2 default-hierarchy=hybrid)
[   19.551810] systemd[1]: Detected virtualization oracle.
[   19.552530] systemd[1]: Detected architecture x86-64.

Welcome to [1mUbuntu 18.04.4 LTS[0m!

[   19.557033] systemd[1]: Set hostname to <node0>.
[   20.336330] systemd[1]: Reached target System Time Synchronized.
[[0;32m  OK  [0m] Reached target System Time Synchronized.
[   20.337931] systemd[1]: Set up automount Arbitrary Executable File Formats File System Automount Point.
[[0;32m  OK  [0m] Set up automount Arbitrary Executab…rmats File System Automount Point.
[   20.341619] systemd[1]: Created slice User and Session Slice.
[[0;32m  OK  [0m] Created slice User and Session Slice.
[   20.342888] systemd[1]: Started Forward Password Requests to Wall Directory Watch.
[[0;32m  OK  [0m] Started Forward Password Requests to Wall Directory Watch.
[   20.344672] systemd[1]: Created slice System Slice.
[[0;32m  OK  [0m] Created slice System Slice.
[   20.345774] systemd[1]: Listening on Journal Socket (/dev/log).
[[0;32m  OK  [0m] Listening on Journal Socket (/dev/log).
[[0;32m  OK  [0m] Listening on Device-mapper event daemon FIFOs.
[[0;32m  OK  [0m] Reached target Slices.
[[0;32m  OK  [0m] Listening on udev Control Socket.
[[0;32m  OK  [0m] Listening on LVM2 metadata daemon socket.
[[0;32m  OK  [0m] Listening on udev Kernel Socket.
[[0;32m  OK  [0m] Created slice system-serial\x2dgetty.slice.
[[0;32m  OK  [0m] Reached target Swap.
[[0;32m  OK  [0m] Listening on LVM2 poll daemon socket.
[[0;32m  OK  [0m] Listening on RPCbind Server Activation Socket.
[[0;32m  OK  [0m] Reached target User and Group Name Lookups.
[[0;32m  OK  [0m] Listening on /dev/initctl Compatibility Named Pipe.
[[0;32m  OK  [0m] Listening on Syslog Socket.
[[0;32m  OK  [0m] Listening on Network Service Netlink Socket.
[[0;32m  OK  [0m] Listening on Journal Audit Socket.
[[0;32m  OK  [0m] Listening on Journal Socket.
         Starting udev Coldplug all Devices...
         Mounting RPC Pipe File System...
         Mounting Kernel Debug File System...
         Starting Uncomplicated firewall...
         Starting Load Kernel Modules...
         Starting Remount Root and Kernel File Systems...
         Starting Set the console keyboard layout...
         Starting Monitoring of LVM2 mirrors…ng dmeventd or progress polling...
         Starting Create list of required st…ce nodes for the current kernel...
         Starting Journal Service...
         Mounting Huge Pages File System...
         Mounting POSIX Message Queue File System...
         Mounting NFSD configuration filesystem...
[[0;32m  OK  [0m] Mounted Kernel Debug File System.
[[0;32m  OK  [0m] Started Uncomplicated firewall.
[[0;32m  OK  [0m] Mounted Huge Pages File System.
[[0;32m  OK  [0m] Mounted POSIX Message Queue File System.
[[0;32m  OK  [0m] Started LVM2 metadata daemon.
[[0;32m  OK  [0m] Started Journal Service.
[[0;32m  OK  [0m] Started udev Coldplug all Devices.
         Starting udev Wait for Complete Device Initialization...
[   20.440701] Loading iSCSI transport class v2.0-870.
[   20.444942] iscsi: registered transport (tcp)
[   20.467109] RPC: Registered named UNIX socket transport module.
[   20.467763] RPC: Registered udp transport module.
[   20.468293] RPC: Registered tcp transport module.
[   20.468804] RPC: Registered tcp NFSv4.1 backchannel transport module.
[   20.469814] EXT4-fs (sda1): re-mounted. Opts: (null)
[[0;32m  OK  [0m] Mounted RPC Pipe File System.
[[0;32m  OK  [0m] Started Remount Root and Kernel File Systems.
[[0;32m  OK  [0m] Started Create list of required sta…vice nodes for the current kernel.
         Starting Create Static Device Nodes in /dev...
         Starting Flush Journal to Persistent Storage...
         Starting Load/Save Random Seed...
         Starting pNFS block layout mapping daemon...
[   20.498931] Installing knfsd (copyright (C) 1996 okir@monad.swb.de).
[[0;32m  OK  [0m] Mounted NFSD configuration filesystem.
[   20.514457] iscsi: registered transport (iser)
[[0;32m  OK  [0m] Started Load Kernel Modules.
[[0;32m  OK  [0m] Started Create Static Device Nodes in /dev.
         Starting udev Kernel Device Manager...
         Mounting Kernel Configuration File System...
         Starting Apply Kernel Variables...
         Mounting FUSE Control File System...
[   20.538155] systemd-journald[453]: Received request to flush runtime journal from PID 1
[[0;32m  OK  [0m] Mounted Kernel Configuration File System.
[[0;32m  OK  [0m] Mounted FUSE Control File System.
[[0;32m  OK  [0m] Started pNFS block layout mapping daemon.
[[0;32m  OK  [0m] Started udev Kernel Device Manager.
[[0;32m  OK  [0m] Started Load/Save Random Seed.
[[0;32m  OK  [0m] Started Apply Kernel Variables.
[[0;32m  OK  [0m] Started Monitoring of LVM2 mirrors,…sing dmeventd or progress polling.
[[0;32m  OK  [0m] Started Flush Journal to Persistent Storage.
[[0;32m  OK  [0m] Started Set the console keyboard layout.
[[0;32m  OK  [0m] Started Dispatch Password Requests to Console Directory Watch.
[[0;32m  OK  [0m] Reached target Local Encrypted Volumes.
[[0;32m  OK  [0m] Reached target Local File Systems (Pre).
[[0;32m  OK  [0m] Found device /dev/ttyS0.
[[0;32m  OK  [0m] Listening on Load/Save RF Kill Switch Status /dev/rfkill Watch.
[[0;32m  OK  [0m] Started udev Wait for Complete Device Initialization.
         Starting Install ZFS kernel module...
[[0;32m  OK  [0m] Started Install ZFS kernel module.
         Starting Import ZFS pools by cache file...
[[0;32m  OK  [0m] Started Import ZFS pools by cache file.
[[0;32m  OK  [0m] Reached target ZFS pool import target.
         Starting Mount ZFS filesystems...
[[0;32m  OK  [0m] Started Mount ZFS filesystems.
[[0;32m  OK  [0m] Reached target Local File Systems.
         Starting Tell Plymouth To Write Out Runtime Data...
         Starting Set console font and keymap...
         Starting AppArmor initialization...
         Starting Create Volatile Files and Directories...
         Starting Preprocess NFS configuration...
         Starting ebtables ruleset management...
[[0;32m  OK  [0m] Started Set console font and keymap.
[[0;32m  OK  [0m] Started Preprocess NFS configuration.
[[0;32m  OK  [0m] Reached target NFS client services.
         Starting NFSv4 ID-name mapping service...
[[0;32m  OK  [0m] Started Tell Plymouth To Write Out Runtime Data.
[[0;32m  OK  [0m] Started Create Volatile Files and Directories.
         Starting RPC bind portmap service...
         Starting Update UTMP about System Boot/Shutdown...
[[0;32m  OK  [0m] Started NFSv4 ID-name mapping service.
[[0;32m  OK  [0m] Started RPC bind portmap service.
[[0;32m  OK  [0m] Reached target RPC Port Mapper.
[[0;32m  OK  [0m] Started Update UTMP about System Boot/Shutdown.
[[0;32m  OK  [0m] Started ebtables ruleset management.
[[0;32m  OK  [0m] Started AppArmor initialization.
         Starting Initial cloud-init job (pre-networking)...
[   26.208625] cloud-init[1795]: Cloud-init v. 19.4-33-gbb4131a2-0ubuntu1~18.04.1 running 'init-local' at Mon, 04 May 2020 17:19:24 +0000. Up 25.68 seconds.
[[0;32m  OK  [0m] Started Initial cloud-init job (pre-networking).
[[0;32m  OK  [0m] Reached target Network (Pre).
         Starting Network Service...
[[0;32m  OK  [0m] Started Network Service.
         Starting Wait for Network to be Configured...
         Starting Network Name Resolution...
[[0;32m  OK  [0m] Started Network Name Resolution.
[[0;32m  OK  [0m] Reached target Network.
         Starting NFS Mount Daemon...
[[0;32m  OK  [0m] Reached target Host and Network Name Lookups.
[[0;32m  OK  [0m] Started NFS Mount Daemon.
         Starting NFS server and services...
[[0;32m  OK  [0m] Started NFS server and services.
[[0;32m  OK  [0m] Started Wait for Network to be Configured.
         Starting Initial cloud-init job (metadata service crawler)...
[   28.172636] cloud-init[1953]: Cloud-init v. 19.4-33-gbb4131a2-0ubuntu1~18.04.1 running 'init' at Mon, 04 May 2020 17:19:26 +0000. Up 28.05 seconds.
[   28.174024] cloud-init[1953]: ci-info: ++++++++++++++++++++++++++++++++++++++Net device info+++++++++++++++++++++++++++++++++++++++
[   28.174994] cloud-init[1953]: ci-info: +--------+------+-----------------------------+---------------+--------+-------------------+
[   28.175930] cloud-init[1953]: ci-info: | Device |  Up  |           Address           |      Mask     | Scope  |     Hw-Address    |
[   28.188113] cloud-init[1953]: ci-info: +--------+------+-----------------------------+---------------+--------+-------------------+
[   28.188819] cloud-init[1953]: ci-info: | enp0s3 | True |          10.0.2.15          | 255.255.255.0 | global | 02:11:54:e5:40:72 |
[   28.204224] cloud-init[1953]: ci-info: | enp0s3 | True |  fe80::11:54ff:fee5:4072/64 |       .       |  link  | 02:11:54:e5:40:72 |
[   28.205166] cloud-init[1953]: ci-info: | enp0s8 | True |        192.168.30.15        | 255.255.255.0 | global | 08:00:27:ad:02:b8 |
[   28.216210] cloud-init[1953]: ci-info: | enp0s8 | True |  fe80::a00:27ff:fead:2b8/64 |       .       |  link  | 08:00:27:ad:02:b8 |
[   28.232173] cloud-init[1953]: ci-info: | enp0s9 | True |        192.168.30.15        | 255.255.255.0 | global | 08:00:27:f2:73:f5 |
[   28.233037] cloud-init[1953]: ci-info: | enp0s9 | True | fe80::a00:27ff:fef2:73f5/64 |       .       |  link  | 08:00:27:f2:73:f5 |
[   28.233590] cloud-init[1953]: ci-info: |   lo   | True |          127.0.0.1          |   255.0.0.0   |  host  |         .         |
[   28.244253] cloud-init[1953]: ci-info: |   lo   | True |           ::1/128           |       .       |  host  |         .         |
[   28.244994] cloud-init[1953]: ci-info: +--------+------+-----------------------------+---------------+--------+-------------------+
[   28.245843] cloud-init[1953]: ci-info: +++++++++++++++++++++++++++++Route IPv4 info+++++++++++++++++++++++++++++
[   28.246687] cloud-init[1953]: ci-info: +-------+--------------+----------+-----------------+-----------+-------+
[   28.256228] cloud-init[1953]: ci-info: | Route | Destination  | Gateway  |     Genmask     | Interface | Flags |
[   28.272249] cloud-init[1953]: ci-info: +-------+--------------+----------+-----------------+-----------+-------+
[   28.273059] cloud-init[1953]: ci-info: |   0   |   0.0.0.0    | 10.0.2.2 |     0.0.0.0     |   enp0s3  |   UG  |
[   28.289180] cloud-init[1953]: ci-info: |   1   |   10.0.2.0   | 0.0.0.0  |  255.255.255.0  |   enp0s3  |   U   |
[   28.304189] cloud-init[1953]: ci-info: |   2   |   10.0.2.2   | 0.0.0.0  | 255.255.255.255 |   enp0s3  |   UH  |
[   28.320116] cloud-init[1953]: ci-info: |   3   | 192.168.30.0 | 0.0.0.0  |  255.255.255.0  |   enp0s8  |   U   |
[[   28.332185] cloud-init[1953]: ci-info: |   4   | 192.168.30.0 | 0.0.0.0  |  255.255.255.0  |   enp0s9  |   U   |
[   28.332259] cloud-init[1953]: ci-info: +-------+--------------+----------+-----------------+-----------+-------+
[   28.332338] cloud-init[1953]: ci-info: +++++++++++++++++++Route IPv6 info+++++++++++++++++++
[   28.332396] cloud-init[1953]: ci-info: +-------+-------------+---------+-----------+-------+
[   28.332435] cloud-init[1953]: ci-info: | Route | Destination | Gateway | Interface | Flags |
[   28.332548] cloud-init[1953]: ci-info: +-------+-------------+---------+-----------+-------+
[   28.332612] cloud-init[1953]: ci-info: |   1   |  fe80::/64  |    ::   |   enp0s8  |   U   |
[   28.332646] cloud-init[1953]: ci-info: |   2   |  fe80::/64  |    ::   |   enp0s3  |   U   |
[   28.332728] cloud-init[1953]: ci-info: |   3   |  fe80::/64  |    ::   |   enp0s9  |   U   |
[0;32m  OK  [0m] [   28.332778] cloud-init[1953]: ci-info: |   5   |    local    |    ::   |   enp0s3  |   U   |
[   28.334832] cloud-init[1953]: ci-info: |   6   |    local    |    ::   |   enp0s8  |   U   |
[   28.334869] cloud-init[1953]: ci-info: |   7   |    local    |    ::   |   enp0s9  |   U   |
[   28.334909] cloud-init[1953]: ci-info: |   8   |   ff00::/8  |    ::   |   enp0s8  |   U   |
[   28.334987] cloud-init[1953]: ci-info: |   9   |   ff00::/8  |    ::   |   enp0s3  |   U   |
[   28.335064] cloud-init[1953]: ci-info: |   10  |   ff00::/8  |    ::   |   enp0s9  |   U   |
[   28.335138] cloud-init[1953]: ci-info: +-------+-------------+---------+-----------+-------+
Started Initial cloud-init job (metadata service crawler).
[[0;32m  OK  [0m] Reached target Network is Online.
         Starting Availability of block devices...
[[0;32m  OK  [0m] Reached target Remote File Systems (Pre).
[[0;32m  OK  [0m] Reached target Remote File Systems.
[[0;32m  OK  [0m] Reached target Cloud-config availability.
[[0;32m  OK  [0m] Reached target System Initialization.
[[0;32m  OK  [0m] Listening on UUID daemon activation socket.
[[0;32m  OK  [0m] Started Daily Cleanup of Temporary Directories.
[[0;32m  OK  [0m] Listening on D-Bus System Message Bus Socket.
[[0;32m  OK  [0m] Started Discard unused blocks once a week.
[[0;32m  OK  [0m] Listening on ACPID Listen Socket.
[[0;32m  OK  [0m] Started Message of the Day.
[[0;32m  OK  [0m] Listening on Open-iSCSI iscsid Socket.
[[0;32m  OK  [0m] Started Daily apt download activities.
[[0;32m  OK  [0m] Started Daily apt upgrade and clean activities.
[[0;32m  OK  [0m] Reached target Timers.
[[0;32m  OK  [0m] Started ACPI Events Check.
[[0;32m  OK  [0m] Reached target Paths.
         Starting LXD - unix socket.
         Starting Socket activation for snappy daemon.
[[0;32m  OK  [0m] Listening on LXD - unix socket.
[[0;32m  OK  [0m] Listening on Socket activation for snappy daemon.
[[0;32m  OK  [0m] Reached target Sockets.
[[0;32m  OK  [0m] Reached target Basic System.
         Starting Accounts Service...
[[0;32m  OK  [0m] Started Deferred execution scheduler.
         Starting Permit User Sessions...
[[0;32m  OK  [0m] Started irqbalance daemon.
         Starting LXD - container startup/shutdown...
         Starting Virtualbox guest utils...
         Starting Message of the Day...
         Starting OpenBSD Secure Shell server...
[[0;32m  OK  [0m] Started Regular background program processing daemon.
         Starting LSB: automatic crash report generation...
[[0;32m  OK  [0m] Started FUSE filesystem for LXC.
         Starting Discard unused blocks...
         Starting Login Service...
         Starting System Logging Service...
         Starting Dispatcher daemon for systemd-networkd...
         Starting LSB: Record successful boot for GRUB...
[[0;32m  OK  [0m] Started ZFS Event Daemon (zed).
         Starting ZFS file system shares...
[[0;32m  OK  [0m] Started D-Bus System Message Bus.
[[0;32m  OK  [0m] Started Login Service.
[[0;32m  OK  [0m] Started Unattended Upgrades Shutdown.
         Starting Snappy daemon...
[[0;32m  OK  [0m] Started System Logging Service.
[[0;32m  OK  [0m] Started Availability of block devices.
[[0;32m  OK  [0m] Started Permit User Sessions.
[[0;32m  OK  [0m] Started Discard unused blocks.
[[0;32m  OK  [0m] Started OpenBSD Secure Shell server.
         Starting Terminate Plymouth Boot Screen...
         Starting Hold until boot process finishes up...
[[0;32m  OK  [0m] Started Hold until boot process finishes up.
[[0;32m  OK  [0m] Started Serial Getty on ttyS0.
         Starting Set console scheme...
[[0;32m  OK  [0m] Started Terminate Plymouth Boot Screen.
[[0;32m  OK  [0m] Started Set console scheme.
[[0;32m  OK  [0m] Created slice system-getty.slice.
[[0;32m  OK  [0m] Started Getty on tty1.
[[0;32m  OK  [0m] Reached target Login Prompts.
[[0;32m  OK  [0m] Started LXD - container startup/shutdown.
[[0;32m  OK  [0m] Started LSB: automatic crash report generation.
[[0;32m  OK  [0m] Started Virtualbox guest utils.
         Starting Authorization Manager...
[[0;32m  OK  [0m] Started LSB: Record successful boot for GRUB.
[[0;32m  OK  [0m] Started Authorization Manager.
[[0;32m  OK  [0m] Started Accounts Service.
[[0;32m  OK  [0m] Created slice User Slice of vagrant.
[[0;32m  OK  [0m] Started Dispatcher daemon for systemd-networkd.
[[0;32m  OK  [0m] Started ZFS file system shares.
[[0;32m  OK  [0m] Started Session 1 of user vagrant.
[[0;32m  OK  [0m] Reached target ZFS startup target.
         Starting User Manager for UID 1000...
[[0;32m  OK  [0m] Started User Manager for UID 1000.
[[0;32m  OK  [0m] Started Snappy daemon.
         Starting Wait until snapd is fully seeded...
[[0;32m  OK  [0m] Started Wait until snapd is fully seeded.
         Starting Apply the settings specified in cloud-config...
[[0;32m  OK  [0m] Reached target Multi-User System.
[[0;32m  OK  [0m] Reached target Graphical Interface.
         Starting Update UTMP about System Runlevel Changes...
[[0;32m  OK  [0m] Started Update UTMP about System Runlevel Changes.
[   29.991683] cloud-init[2462]: Cloud-init v. 19.4-33-gbb4131a2-0ubuntu1~18.04.1 running 'modules:config' at Mon, 04 May 2020 17:19:28 +0000. Up 29.91 seconds.
[[0;32m  OK  [0m] Started Apply the settings specified in cloud-config.
         Starting Execute cloud user/final scripts...
[[0;32m  OK  [0m] Started Message of the Day.
[   30.453235] cloud-init[2553]: Cloud-init v. 19.4-33-gbb4131a2-0ubuntu1~18.04.1 running 'modules:final' at Mon, 04 May 2020 17:19:29 +0000. Up 30.33 seconds.
[   30.454193] cloud-init[2553]: Cloud-init v. 19.4-33-gbb4131a2-0ubuntu1~18.04.1 finished at Mon, 04 May 2020 17:19:29 +0000. Datasource DataSourceNoCloud [seed=/dev/sdb][dsmode=net].  Up 30.44 seconds
[[0;32m  OK  [0m] Started Execute cloud user/final scripts.
[[0;32m  OK  [0m] Reached target Cloud-init target.
         Starting Daily apt download activities...
[[0;32m  OK  [0m] Stopped Wait for Network to be Configured.
         Stopping Network Service...
         Starting Network Service...
[[0;32m  OK  [0m] Started Network Service.

Ubuntu 18.04.4 LTS node0 ttyS0

node0 login: [   74.065606] device-mapper: table: 253:0: linear: Device lookup failed
[   74.167654] device-mapper: table: 253:0: linear: Device lookup failed
[   74.313817] device-mapper: table: 253:0: linear: Device lookup failed
[   74.406468] device-mapper: table: 253:0: linear: Device lookup failed
[   74.468323] device-mapper: table: 253:0: linear: Device lookup failed
[   74.576526] device-mapper: table: 253:0: linear: Device lookup failed
[   74.638832] device-mapper: table: 253:0: linear: Device lookup failed
[   74.702083] device-mapper: table: 253:0: linear: Device lookup failed
[   74.773544] device-mapper: table: 253:0: linear: Device lookup failed
[   74.842779] device-mapper: table: 253:0: linear: Device lookup failed
[   74.921208] device-mapper: table: 253:0: linear: Device lookup failed
[   74.993575] device-mapper: table: 253:0: linear: Device lookup failed
